2023-03-25 11:53:15 INFO     222 DLR [cid:testserver] [smpp-msgid:1E1E1C76-2004-41FE-86F4-B1B3E4B67A6D] [status:DELIVRD] [submit date:2303251153] [done date:2303251153] [sub/dlvrd messages:ND/ND] [err:000] [content:'']
2023-03-25 11:54:25 INFO     222 DLR [cid:testserver] [smpp-msgid:2348DDE0-5BE4-4B5C-8A6F-9DE38631F867] [status:DELIVRD] [submit date:2303251154] [done date:2303251154] [sub/dlvrd messages:ND/ND] [err:000] [content:'']
2023-03-25 11:55:33 ERROR    222 [msgid:AFDEF15D-AB13-454D-B6BF-A36E6A016713] (retrials: 1/2) DLRMapNotFound: Got a DLR for an unknown message id: afdef15d-ab13-454d-b6bf-a36e6a016713 (coded:AFDEF15D-AB13-454D-B6BF-A36E6A016713)
2023-03-25 11:55:43 ERROR    222 [msgid:AFDEF15D-AB13-454D-B6BF-A36E6A016713] (final) DLRMapNotFound: Got a DLR for an unknown message id: afdef15d-ab13-454d-b6bf-a36e6a016713 (coded:AFDEF15D-AB13-454D-B6BF-A36E6A016713)
2023-03-25 11:55:48 INFO     222 DLR [cid:testserver] [smpp-msgid:FA69F5B6-4A1C-4E60-9ABD-84613529993F] [status:DELIVRD] [submit date:2303251155] [done date:2303251155] [sub/dlvrd messages:ND/ND] [err:000] [content:'']
2023-03-25 11:57:32 ERROR    222 [msgid:D2B611C4-3802-4E40-BD6E-B3DE6E1074C1] (retrials: 1/2) DLRMapNotFound: Got a DLR for an unknown message id: d2b611c4-3802-4e40-bd6e-b3de6e1074c1 (coded:D2B611C4-3802-4E40-BD6E-B3DE6E1074C1)
2023-03-25 11:57:34 INFO     222 DLR [cid:testserver] [smpp-msgid:ACFFD124-C44F-44EF-921C-7A7447D01D45] [status:DELIVRD] [submit date:2303251157] [done date:2303251157] [sub/dlvrd messages:ND/ND] [err:000] [content:'']
2023-03-25 11:57:42 ERROR    222 [msgid:D2B611C4-3802-4E40-BD6E-B3DE6E1074C1] (final) DLRMapNotFound: Got a DLR for an unknown message id: d2b611c4-3802-4e40-bd6e-b3de6e1074c1 (coded:D2B611C4-3802-4E40-BD6E-B3DE6E1074C1)
2023-03-25 11:59:22 ERROR    222 [msgid:41455083-F176-4D1C-B8CE-98CF627EF406] (retrials: 1/2) DLRMapNotFound: Got a DLR for an unknown message id: 41455083-f176-4d1c-b8ce-98cf627ef406 (coded:41455083-F176-4D1C-B8CE-98CF627EF406)
2023-03-25 11:59:32 ERROR    222 [msgid:41455083-F176-4D1C-B8CE-98CF627EF406] (final) DLRMapNotFound: Got a DLR for an unknown message id: 41455083-f176-4d1c-b8ce-98cf627ef406 (coded:41455083-F176-4D1C-B8CE-98CF627EF406)
2023-03-25 11:59:32 INFO     222 DLR [cid:testserver] [smpp-msgid:EAEE8005-852C-4217-9D4F-BD121FB9A5B8] [status:DELIVRD] [submit date:2303251159] [done date:2303251159] [sub/dlvrd messages:ND/ND] [err:000] [content:'']
2023-03-25 12:00:49 ERROR    222 [msgid:EFF71CFC-42B3-4529-A122-46840880F7D6] (retrials: 1/2) DLRMapNotFound: Got a DLR for an unknown message id: eff71cfc-42b3-4529-a122-46840880f7d6 (coded:EFF71CFC-42B3-4529-A122-46840880F7D6)
2023-03-25 12:00:51 INFO     222 DLR [cid:testserver] [smpp-msgid:E83D7DFD-2174-4498-9427-E82BDA3C673F] [status:DELIVRD] [submit date:2303251200] [done date:2303251200] [sub/dlvrd messages:ND/ND] [err:000] [content:'']
2023-03-25 12:00:59 ERROR    222 [msgid:EFF71CFC-42B3-4529-A122-46840880F7D6] (final) DLRMapNotFound: Got a DLR for an unknown message id: eff71cfc-42b3-4529-a122-46840880f7d6 (coded:EFF71CFC-42B3-4529-A122-46840880F7D6)
2023-03-25 12:04:12 INFO     222 DLR [cid:testserver] [smpp-msgid:DDEFDB67-749E-4162-898D-05B154136BF0] [status:DELIVRD] [submit date:2303251204] [done date:2303251204] [sub/dlvrd messages:ND/ND] [err:000] [content:'']
2023-03-25 12:04:19 ERROR    222 [msgid:1D1D0709-84C8-4B8A-97B6-6C3572BF91CA] (retrials: 1/2) DLRMapNotFound: Got a DLR for an unknown message id: 1d1d0709-84c8-4b8a-97b6-6c3572bf91ca (coded:1D1D0709-84C8-4B8A-97B6-6C3572BF91CA)
2023-03-25 12:04:29 ERROR    222 [msgid:1D1D0709-84C8-4B8A-97B6-6C3572BF91CA] (final) DLRMapNotFound: Got a DLR for an unknown message id: 1d1d0709-84c8-4b8a-97b6-6c3572bf91ca (coded:1D1D0709-84C8-4B8A-97B6-6C3572BF91CA)
2023-03-25 12:23:26 INFO     222 DLR [cid:testserver] [smpp-msgid:677CA33E-66D8-40E8-878D-A97A790444B5] [status:DELIVRD] [submit date:2303251223] [done date:2303251223] [sub/dlvrd messages:ND/ND] [err:000] [content:'']
2023-03-25 12:23:35 ERROR    222 [msgid:97C8EADD-9FE6-4DF2-8490-5A10059ED7F1] (retrials: 1/2) DLRMapNotFound: Got a DLR for an unknown message id: 97c8eadd-9fe6-4df2-8490-5a10059ed7f1 (coded:97C8EADD-9FE6-4DF2-8490-5A10059ED7F1)
2023-03-25 12:23:45 ERROR    222 [msgid:97C8EADD-9FE6-4DF2-8490-5A10059ED7F1] (final) DLRMapNotFound: Got a DLR for an unknown message id: 97c8eadd-9fe6-4df2-8490-5a10059ed7f1 (coded:97C8EADD-9FE6-4DF2-8490-5A10059ED7F1)
2023-03-25 12:27:18 INFO     235 Started DLRLookup #dlrlookupd-01.
2023-03-25 12:27:18 INFO     235 DLRLookup (dlrlookupd-01) is ready.
2023-03-25 12:28:32 INFO     235 DLR [cid:testserver] [smpp-msgid:A6386D01-2E19-4B88-8FAD-0C2F4A01AE37] [status:DELIVRD] [submit date:2303251228] [done date:2303251228] [sub/dlvrd messages:ND/ND] [err:000] [content:'']
