2023-03-24 12:11:47 ERROR    220 Error: 400: UrlArgsValidationError (b'Argument [password] has an invalid value: [$2y$10$fL.L/UAtd7pbGHH/7BOCIuVzpmQOHnrZ/TfGa8wIOqrHMCBj3p/ti].')
2023-03-24 12:14:56 ERROR    220 Error: 400: UrlArgsValidationError (b'Argument [password] has an invalid value: [$2y$10$g.Nz7nn.fPNPksyxMkXhUe4malBobZYZGFjC6PVwPdwAMH1hanedG].')
2023-03-24 13:01:06 ERROR    220 Error: 400: UrlArgsValidationError (b'Argument [password] has an invalid value: [].')
2023-03-24 13:04:10 ERROR    220 Error: 400: UrlArgsValidationError (b'Argument [password] has an invalid value: [].')
2023-03-24 13:07:05 ERROR    220 Error: 400: UrlArgsValidationError (b'Argument [password] has an invalid value: [].')
2023-03-24 13:07:47 INFO     220 SMS-MT [uid:mario] [cid:testserver] [msgid:728d657e-cc36-4a8b-875d-a707d4563f3d] [prio:0] [dlr:All] [from:b'1234'] [to:b'5548988034304'] [content:b'Teste']
2023-03-25 11:32:10 INFO     220 SMS-MT [uid:mario] [cid:testserver] [msgid:9c074a92-5197-47fa-bad6-8ea729cec21e] [prio:0] [dlr:All] [from:b'1234'] [to:b'5548988034304'] [content:b'Ol? tudo bem? Tesojtojeojjotjwte de tamanho pijwroqjroj roewjowjojt orw oj ojowj owej ojwoj wojo jweo jweowjtowj tojwo jwotj wojtoj iowjtowtj  tk ekn k qmp Ol? tudo bem? Tesojtojeojjotjwte de tamanho pijwroqjroj roewjowjojt orw oj ojowj owej ojwoj wojo jweo jweowjtowj tojwo jwotj wojtoj iowjtowtj  tk ekn k qmp']
2023-03-25 11:33:22 INFO     220 SMS-MT [uid:mario] [cid:testserver] [msgid:4ab275e2-0dbc-4790-9b98-0402aca62dd4] [prio:0] [dlr:All] [from:b'1234'] [to:b'5548988034304'] [content:b'teste e231 1 23k2 opk o3j o32o o op3op j234opjop3j4op j32op 3j2po4 2o3p  teste e231 1 23k2 opk o3j o32o o op3op j234opjop3j4op j32op 3j2po4 2o3p  teste e231 1 23k2 opk o3j o32o o op3op j234opjop3j4op j32op 3j2po4 2o3p']
2023-03-25 11:35:06 INFO     220 SMS-MT [uid:mario] [cid:testserver] [msgid:9e66d1fb-ab40-4646-bf3a-1ac2f67040ea] [prio:0] [dlr:All] [from:b'1234'] [to:b'5548988034304'] [content:b'teste']
2023-03-25 11:37:19 INFO     220 SMS-MT [uid:mario] [cid:testserver] [msgid:c2466e64-7569-4353-877c-e33bc2053145] [prio:0] [dlr:All] [from:b'1234'] [to:b'5548988034304'] [content:b'teste']
2023-03-25 11:37:56 INFO     220 SMS-MT [uid:mario] [cid:testserver] [msgid:8cfa1ed5-f83f-4d53-a1db-6b1d76605b6e] [prio:0] [dlr:All] [from:b'1234'] [to:b'5548988034304'] [content:b'teste']
2023-03-25 11:38:25 INFO     220 SMS-MT [uid:mario] [cid:testserver] [msgid:76c4012f-3f5f-4689-97f5-82b3ee1e2320] [prio:0] [dlr:All] [from:b'1234'] [to:b'5548988034304'] [content:b'Ola tudo bem testando Tamanho Ola tudo bem testando Tamanho  Ola tudo bem testando Tamanho  Ola tudo bem testando Tamanho  Ola tudo bem testando Tamanho  Ola tudo bem testando Tamanho  Ola tudo bem testando Tamanho  Ola tudo bem testando Tamanho']
2023-03-25 11:38:55 INFO     220 SMS-MT [uid:mario] [cid:testserver] [msgid:36dd1ca2-7f82-4584-85be-34d00ffa7915] [prio:0] [dlr:All] [from:b'1234'] [to:b'5548988034304'] [content:b'Ola tudo bem testando Tamanho Ola tudo bem testando Tamanho  Ola tudo bem testando Tamanho  Ola tudo bem testando Tamanho  Ola tudo bem testando Tamanho  Ola tudo bem testando Tamanho  Ola tudo bem testando Tamanho  Ola tudo bem testando Tamanho']
2023-03-25 11:42:48 INFO     220 SMS-MT [uid:mario] [cid:testserver] [msgid:58f164b8-19ad-41e5-9d4a-2f23c4117416] [prio:0] [dlr:All] [from:b'1234'] [to:b'5548988034304'] [content:b'Ola tudo bem testando Tamanho Ola tudo bem testando Tamanho  Ola tudo bem testando Tamanho  Ola tudo bem testando Tamanho  Ola tudo bem testando Tamanho  Ola tudo bem testando Tamanho  Ola tudo bem testando Tamanho  Ola tudo bem testando Tamanho']
2023-03-25 11:45:22 INFO     220 SMS-MT [uid:mario] [cid:testserver] [msgid:44906c37-8982-4fa5-a1e1-6ca0ee1b6167] [prio:0] [dlr:All] [from:b'1234'] [to:b'5548988034304'] [content:b'Ola tudo bem testando Tamanho Ola tudo bem testando Tamanho  Ola tudo bem testando Tamanho  Ola tudo bem testando Tamanho  Ola tudo bem testando Tamanho  Ola tudo bem testando Tamanho  Ola tudo bem testando Tamanho  Ola tudo bem testando Tamanho']
2023-03-25 11:48:34 INFO     220 SMS-MT [uid:mario] [cid:testserver] [msgid:2737bd4e-cb99-4596-a2e8-daf24582aee8] [prio:0] [dlr:All] [from:b'1234'] [to:b'5548988034304'] [content:b'test small message']
2023-03-25 11:54:17 INFO     220 SMS-MT [uid:mario] [cid:testserver] [msgid:a087aa9c-ad5c-4f58-a171-0737ac43cbac] [prio:0] [dlr:All] [from:b'1234'] [to:b'5548988034304'] [content:b'test small message']
2023-03-25 11:55:26 INFO     220 SMS-MT [uid:mario] [cid:testserver] [msgid:96ee50bb-a16c-498d-99e8-ca7aa46bb3ba] [prio:0] [dlr:All] [from:b'1234'] [to:b'5548988034304'] [content:b'Hello i will try than more test 160 car Hello i will try than more test 160 car Hello i will try than more test 160 car Hello i will try than more test 160 car Hello i will try than more test 160 car Hello i will try than more test 160 car Hello i will try than more test 160 car Hello i will try than more test 160 car Hello i will try than more test 160 car']
2023-03-25 11:57:24 INFO     220 SMS-MT [uid:mario] [cid:testserver] [msgid:987c3111-a472-49af-8dba-9466e6fed101] [prio:0] [dlr:All] [from:b'1234'] [to:b'5548988034304'] [content:b'Hello i will try than more test 160 car Hello i will try than more test 160 car Hello i will try than more test 160 car Hello i will try than more test 160 car Hello i will try than more test 160 car Hello i will try than more test 160 car Hello i will try than more test 160 car Hello i will try than more test 160 car Hello i will try than more test 160 car']
2023-03-25 11:59:13 INFO     220 SMS-MT [uid:mario] [cid:testserver] [msgid:7687e2fb-470f-478a-b8f8-da5f7a4bba4c] [prio:0] [dlr:All] [from:b'1234'] [to:b'5548988034304'] [content:b'Hello i will try than more test 160 car Hello i will try than more test 160 car Hello i will try than more test 160 car Hello i will try than more test 160 car Hello i will try than more test 160 car Hello i will try than more test 160 car Hello i will try than more test 160 car Hello i will try than more test 160 car Hello i will try than more test 160 car']
2023-03-25 12:00:43 INFO     220 SMS-MT [uid:mario] [cid:testserver] [msgid:0f7b393c-748c-408a-a629-bc019ebdab24] [prio:0] [dlr:All] [from:b'1234'] [to:b'5548988034304'] [content:b'Hello i will try than more test 160 car Hello i will try than more test 160 car Hello i will try than more test 160 car Hello i will try than more test 160 car Hello i will try than more test 160 car Hello i will try than more test 160 car Hello i will try than more test 160 car Hello i will try than more test 160 car Hello i will try than more test 160 car']
2023-03-25 12:04:04 INFO     220 SMS-MT [uid:mario] [cid:testserver] [msgid:4d2bd04a-49a3-4bfa-8ba9-3ba8c5bca6d7] [prio:0] [dlr:All] [from:b'1234'] [to:b'5548988034304'] [content:b'Hello i will try than more test 160 car Hello i will try than more test 160 car Hello i will try than more test 160 car Hello i will try than more test 160 car Hello i will try than more test 160 car Hello i will try than more test 160 car Hello i will try than more test 160 car Hello i will try than more test 160 car Hello i will try than more test 160 car']
2023-03-25 12:23:20 INFO     220 SMS-MT [uid:mario] [cid:testserver] [msgid:bc211f33-3f95-488f-8382-1980e986056b] [prio:0] [dlr:All] [from:b'1234'] [to:b'5548988034304'] [content:b'Hello i will try than more test 160 car Hello i will try than more test 160 car Hello i will try than more test 160 car Hello i will try than more test 160 car Hello i will try than more test 160 car Hello i will try than more test 160 car Hello i will try than more test 160 car Hello i will try than more test 160 car Hello i will try than more test 160 car']
2023-03-25 12:24:00 INFO     220 SMS-MT [uid:mario] [cid:testserver] [msgid:8f9bba85-cbaf-422f-8c0c-29c83b7c1e85] [prio:0] [dlr:All] [from:b'1234'] [to:b'5548988034304'] [content:b'Hello i will try than more test 160 car Hello i will try than more test 160 car Hello i will try than more test 160 car Hello i will try than more test 160 car Hello i will try than more test 160 car Hello i will try than more test 160 car Hello i will try than more test 160 car Hello i will try than more test 160 car Hello i will try than more test 160 car']
2023-03-25 12:24:24 INFO     220 SMS-MT [uid:mario] [cid:testserver] [msgid:59f393dc-8008-4cfc-8816-cd564e69720e] [prio:0] [dlr:All] [from:b'1234'] [to:b'5548988034304'] [content:b'Hello i will try than more test 160 car Hello i will try than more test 160 car Hello i will try than more test 160 car Hello i will try than more test 160 car Hello i will try than more test 160 car Hello i will try than more test 160 car Hello i will try than more test 160 car Hello i will try than more test 160 car Hello i will try than more test 160 car']
2023-03-25 12:26:02 INFO     220 SMS-MT [uid:mario] [cid:testserver] [msgid:0f7a5aa3-4dac-4504-b057-9ca4298f8215] [prio:0] [dlr:All] [from:b'1234'] [to:b'5548988034304'] [content:b'Hello i will try than more test 160 car Hello i will try than more test 160 car Hello i will try than more test 160 car Hello i will try than more test 160 car Hello i will try than more test 160 car Hello i will try than more test 160 car Hello i will try than more test 160 car Hello i will try than more test 160 car Hello i will try than more test 160 car']
2023-03-25 12:26:27 INFO     220 SMS-MT [uid:mario] [cid:testserver] [msgid:[Failure instance: Traceback: <class 'txamqp.client.ChannelClosed'>: Method(name=close, id=40) (404, "NOT_FOUND - no exchange 'messaging' in vhost '/'", 60, 40) content = None
/usr/local/lib/python3.10/dist-packages/jasmin/queues/factory.py:230:publish
<string>:3:basic_publish
/usr/lib/python3/dist-packages/twisted/internet/defer.py:1905:unwindGenerator
/usr/lib/python3/dist-packages/twisted/internet/defer.py:1815:_cancellableInlineCallbacks
--- <exception caught here> ---
/usr/local/lib/python3.10/dist-packages/jasmin/managers/clients.py:594:perspective_submit_sm
/usr/lib/python3/dist-packages/twisted/internet/defer.py:1660:_inlineCallbacks
/usr/local/lib/python3.10/dist-packages/txamqp/protocol.py:72:invoke
/usr/local/lib/python3.10/dist-packages/txamqp/protocol.py:123:_raise_closed
]] [prio:0] [dlr:All] [from:b'1234'] [to:b'5548988034304'] [content:b'Hello i will try than more test 160 car Hello i will try than more test 160 car Hello i will try than more test 160 car Hello i will try than more test 160 car Hello i will try than more test 160 car Hello i will try than more test 160 car Hello i will try than more test 160 car Hello i will try than more test 160 car Hello i will try than more test 160 car']
2023-03-25 12:28:25 INFO     233 SMS-MT [uid:mario] [cid:testserver] [msgid:d2d4aece-fe59-450d-a490-db0d834648ad] [prio:0] [dlr:All] [from:b'1234'] [to:b'5548988034304'] [content:b'teste']
